<?xml version="1.0" encoding="UTF-8"?>
<!-- Generated by org.testng.reporters.JUnitXMLReporter -->
<testsuite ignored="0" hostname="LAPTOP-HC48UM7D" failures="0" tests="4" name="Default test" time="1.219" errors="0" timestamp="2022-03-11T23:45:22 EET">
  <testcase classname="tests.UserLoginTest" name="userCanLoginSuccessfully" time="0.256"/>
  <testcase classname="tests.UserLoginTest" name="addProductsToCartSuccessfully" time="0.216"/>
  <testcase classname="tests.UserLoginTest" name="proceedToCheckoutPageAndPlaceOrder" time="0.637"/>
  <testcase classname="tests.UserLoginTest" name="validateOrderPlacedSuccessfully" time="0.08"/>
</testsuite> <!-- Default test -->
