<?xml version="1.0" encoding="UTF-8"?>
<testng-results ignored="0" total="4" passed="4" failed="0" skipped="0">
  <reporter-output>
  </reporter-output>
  <suite started-at="2022-03-11T23:45:21 EET" name="Default suite" finished-at="2022-03-11T23:45:22 EET" duration-ms="1219">
    <groups>
    </groups>
    <test started-at="2022-03-11T23:45:21 EET" name="Default test" finished-at="2022-03-11T23:45:22 EET" duration-ms="1219">
      <class name="tests.UserLoginTest">
        <test-method is-config="true" signature="startDrvier()[pri:0, instance:tests.UserLoginTest@54bff557]" started-at="2022-03-11T23:45:17 EET" name="startDrvier" finished-at="2022-03-11T23:45:21 EET" duration-ms="4174" status="PASS">
          <reporter-output>
          </reporter-output>
        </test-method> <!-- startDrvier -->
        <test-method signature="userCanLoginSuccessfully()[pri:0, instance:tests.UserLoginTest@54bff557]" started-at="2022-03-11T23:45:21 EET" name="userCanLoginSuccessfully" finished-at="2022-03-11T23:45:21 EET" duration-ms="256" status="PASS">
          <reporter-output>
          </reporter-output>
        </test-method> <!-- userCanLoginSuccessfully -->
        <test-method signature="addProductsToCartSuccessfully()[pri:0, instance:tests.UserLoginTest@54bff557]" started-at="2022-03-11T23:45:21 EET" name="addProductsToCartSuccessfully" finished-at="2022-03-11T23:45:21 EET" depends-on-methods="tests.UserLoginTest.userCanLoginSuccessfully" duration-ms="216" status="PASS">
          <reporter-output>
          </reporter-output>
        </test-method> <!-- addProductsToCartSuccessfully -->
        <test-method signature="proceedToCheckoutPageAndPlaceOrder()[pri:0, instance:tests.UserLoginTest@54bff557]" started-at="2022-03-11T23:45:21 EET" name="proceedToCheckoutPageAndPlaceOrder" finished-at="2022-03-11T23:45:22 EET" depends-on-methods="tests.UserLoginTest.addProductsToCartSuccessfully" duration-ms="637" status="PASS">
          <reporter-output>
          </reporter-output>
        </test-method> <!-- proceedToCheckoutPageAndPlaceOrder -->
        <test-method signature="validateOrderPlacedSuccessfully()[pri:0, instance:tests.UserLoginTest@54bff557]" started-at="2022-03-11T23:45:22 EET" name="validateOrderPlacedSuccessfully" finished-at="2022-03-11T23:45:22 EET" depends-on-methods="tests.UserLoginTest.proceedToCheckoutPageAndPlaceOrder" duration-ms="80" status="PASS">
          <reporter-output>
          </reporter-output>
        </test-method> <!-- validateOrderPlacedSuccessfully -->
        <test-method is-config="true" signature="closeDriver()[pri:0, instance:tests.UserLoginTest@54bff557]" started-at="2022-03-11T23:45:22 EET" name="closeDriver" finished-at="2022-03-11T23:45:22 EET" duration-ms="338" status="PASS">
          <reporter-output>
          </reporter-output>
        </test-method> <!-- closeDriver -->
      </class> <!-- tests.UserLoginTest -->
    </test> <!-- Default test -->
  </suite> <!-- Default suite -->
</testng-results>
